0 info it worked if it ends with ok
1 verbose cli [ '/usr/local/bin/node',
1 verbose cli   '/usr/local/bin/npm',
1 verbose cli   'publish',
1 verbose cli   '--registry',
1 verbose cli   'https://registry.npmjs.org/' ]
2 info using npm@3.10.9
3 info using node@v7.2.0
4 verbose publish [ '.' ]
5 silly cache add args [ '.', null ]
6 verbose cache add spec .
7 silly cache add parsed spec Result {
7 silly cache add   raw: '.',
7 silly cache add   scope: null,
7 silly cache add   escapedName: null,
7 silly cache add   name: null,
7 silly cache add   rawSpec: '.',
7 silly cache add   spec: '/home/rpoetz/Development/indoqa/indoqa-react-fela',
7 silly cache add   type: 'directory' }
8 verbose addLocalDirectory /home/rpoetz/.npm/indoqa-react-fela/0.1.2/package.tgz not in flight; packing
9 verbose correctMkdir /home/rpoetz/.npm correctMkdir not in flight; initializing
10 info lifecycle indoqa-react-fela@0.1.2~prepublish: indoqa-react-fela@0.1.2
11 verbose lifecycle indoqa-react-fela@0.1.2~prepublish: unsafe-perm in lifecycle true
12 verbose lifecycle indoqa-react-fela@0.1.2~prepublish: PATH: /usr/local/lib/node_modules/npm/bin/node-gyp-bin:/home/rpoetz/Development/indoqa/indoqa-react-fela/node_modules/.bin:/usr/local/maven/current/bin:/usr/local/ant/current/bin:/home/rpoetz/bin:/usr/local/maven/current/bin:/usr/local/ant/current/bin:/home/rpoetz/bin:/usr/local/sbin:/usr/local/bin:/usr/sbin:/usr/bin:/sbin:/bin:/usr/games:/usr/local/games:/usr/local/scala/current/bin:/usr/local/scala/current/bin
13 verbose lifecycle indoqa-react-fela@0.1.2~prepublish: CWD: /home/rpoetz/Development/indoqa/indoqa-react-fela
14 silly lifecycle indoqa-react-fela@0.1.2~prepublish: Args: [ '-c', 'npm run dist' ]
15 silly lifecycle indoqa-react-fela@0.1.2~prepublish: Returned: code: 1  signal: null
16 info lifecycle indoqa-react-fela@0.1.2~prepublish: Failed to exec prepublish script
17 error addLocal Could not install /home/rpoetz/Development/indoqa/indoqa-react-fela
18 verbose stack Error: indoqa-react-fela@0.1.2 prepublish: `npm run dist`
18 verbose stack Exit status 1
18 verbose stack     at EventEmitter.<anonymous> (/usr/local/lib/node_modules/npm/lib/utils/lifecycle.js:255:16)
18 verbose stack     at emitTwo (events.js:106:13)
18 verbose stack     at EventEmitter.emit (events.js:191:7)
18 verbose stack     at ChildProcess.<anonymous> (/usr/local/lib/node_modules/npm/lib/utils/spawn.js:40:14)
18 verbose stack     at emitTwo (events.js:106:13)
18 verbose stack     at ChildProcess.emit (events.js:191:7)
18 verbose stack     at maybeClose (internal/child_process.js:885:16)
18 verbose stack     at Process.ChildProcess._handle.onexit (internal/child_process.js:226:5)
19 verbose pkgid indoqa-react-fela@0.1.2
20 verbose cwd /home/rpoetz/Development/indoqa/indoqa-react-fela
21 error Linux 3.13.0-119-generic
22 error argv "/usr/local/bin/node" "/usr/local/bin/npm" "publish" "--registry" "https://registry.npmjs.org/"
23 error node v7.2.0
24 error npm  v3.10.9
25 error code ELIFECYCLE
26 error indoqa-react-fela@0.1.2 prepublish: `npm run dist`
26 error Exit status 1
27 error Failed at the indoqa-react-fela@0.1.2 prepublish script 'npm run dist'.
27 error Make sure you have the latest version of node.js and npm installed.
27 error If you do, this is most likely a problem with the indoqa-react-fela package,
27 error not with npm itself.
27 error Tell the author that this fails on your system:
27 error     npm run dist
27 error You can get information on how to open an issue for this project with:
27 error     npm bugs indoqa-react-fela
27 error Or if that isn't available, you can get their info via:
27 error     npm owner ls indoqa-react-fela
27 error There is likely additional logging output above.
28 verbose exit [ 1, true ]
